<?xml version="1.0" encoding="UTF-8"?>
<testng-results ignored="0" total="1" passed="1" failed="0" skipped="0">
  <reporter-output>
  </reporter-output>
  <suite started-at="2022-10-12T12:54:21 IST" name="Default suite" finished-at="2022-10-12T12:54:57 IST" duration-ms="36463">
    <groups>
    </groups>
    <test started-at="2022-10-12T12:54:21 IST" name="Default test" finished-at="2022-10-12T12:54:57 IST" duration-ms="36463">
      <class name="NewTest1">
        <test-method signature="f()[pri:0, instance:NewTest1@57cf54e1]" started-at="2022-10-12T12:54:21 IST" name="f" finished-at="2022-10-12T12:54:57 IST" duration-ms="36395" status="PASS">
          <reporter-output>
          </reporter-output>
        </test-method> <!-- f -->
      </class> <!-- NewTest1 -->
    </test> <!-- Default test -->
  </suite> <!-- Default suite -->
</testng-results>
